faithtemplate/build/outputs/logs/manifest-merger-debug-report.txt
-- Merging decision tree log ---
manifest
ADDED from FHV5/faithtemplate/AndroidManifest.xml:2:1-62:12
	xmlns:android
		ADDED from FHV5/faithtemplate/AndroidManifest.xml:2:11-69
	package
		ADDED from FHV5/faithtemplate/AndroidManifest.xml:3:5-47
	android:versionName
		ADDED from FHV5/faithtemplate/AndroidManifest.xml:5:5-30
	android:versionCode
		ADDED from FHV5/faithtemplate/AndroidManifest.xml:4:5-28
		INJECTED from FHV5/faithtemplate/AndroidManifest.xml
		INJECTED from FHV5/faithtemplate/AndroidManifest.xml
uses-sdk
ADDED from FHV5/faithtemplate/AndroidManifest.xml:7:5-9:41
MERGED from [FHV5:StickyListHeaders:unspecified] AndroidManifest.xml:7:5-9:41
MERGED from [FHV5:android-support-v7-appcompat:unspecified] AndroidManifest.xml:20:5-43
	android:targetSdkVersion
		ADDED from FHV5/faithtemplate/AndroidManifest.xml:9:9-38
	android:minSdkVersion
		ADDED from FHV5/faithtemplate/AndroidManifest.xml:8:9-35
uses-permission#android.permission.ACCESS_NETWORK_STATE
ADDED from FHV5/faithtemplate/AndroidManifest.xml:11:5-79
	android:name
		ADDED from FHV5/faithtemplate/AndroidManifest.xml:11:22-76
uses-permission#android.permission.INTERNET
ADDED from FHV5/faithtemplate/AndroidManifest.xml:12:5-67
	android:name
		ADDED from FHV5/faithtemplate/AndroidManifest.xml:12:22-64
application
ADDED from FHV5/faithtemplate/AndroidManifest.xml:14:5-60:19
MERGED from [FHV5:android-support-v7-appcompat:unspecified] AndroidManifest.xml:22:5-20
	android:label
		ADDED from FHV5/faithtemplate/AndroidManifest.xml:17:9-41
	android:allowBackup
		ADDED from FHV5/faithtemplate/AndroidManifest.xml:15:9-35
	android:icon
		ADDED from FHV5/faithtemplate/AndroidManifest.xml:16:9-45
	android:theme
		ADDED from FHV5/faithtemplate/AndroidManifest.xml:18:9-40
activity#com.csform.android.uiapptemplate.MainActivity
ADDED from FHV5/faithtemplate/AndroidManifest.xml:19:9-28:20
	android:label
		ADDED from FHV5/faithtemplate/AndroidManifest.xml:21:13-45
	android:theme
		ADDED from FHV5/faithtemplate/AndroidManifest.xml:22:13-56
	android:name
		ADDED from FHV5/faithtemplate/AndroidManifest.xml:20:13-41
intent-filter#android.intent.action.MAIN+android.intent.category.LAUNCHER
ADDED from FHV5/faithtemplate/AndroidManifest.xml:23:13-27:29
action#android.intent.action.MAIN
ADDED from FHV5/faithtemplate/AndroidManifest.xml:24:17-69
	android:name
		ADDED from FHV5/faithtemplate/AndroidManifest.xml:24:25-66
category#android.intent.category.LAUNCHER
ADDED from FHV5/faithtemplate/AndroidManifest.xml:26:17-77
	android:name
		ADDED from FHV5/faithtemplate/AndroidManifest.xml:26:27-74
activity#com.csform.android.uiapptemplate.ParallaxKenBurnsActivity
ADDED from FHV5/faithtemplate/AndroidManifest.xml:29:9-31:55
	android:theme
		ADDED from FHV5/faithtemplate/AndroidManifest.xml:31:13-52
	android:name
		ADDED from FHV5/faithtemplate/AndroidManifest.xml:30:13-53
activity#com.csform.android.uiapptemplate.ParallaxActivity
ADDED from FHV5/faithtemplate/AndroidManifest.xml:32:9-54
	android:name
		ADDED from FHV5/faithtemplate/AndroidManifest.xml:32:19-51
activity#com.csform.android.uiapptemplate.ImageGalleryCategoryActivity
ADDED from FHV5/faithtemplate/AndroidManifest.xml:34:9-36:56
	android:theme
		ADDED from FHV5/faithtemplate/AndroidManifest.xml:36:13-53
	android:name
		ADDED from FHV5/faithtemplate/AndroidManifest.xml:35:13-57
activity#com.csform.android.uiapptemplate.ImageGallerySubcategoryActivity
ADDED from FHV5/faithtemplate/AndroidManifest.xml:37:9-39:56
	android:theme
		ADDED from FHV5/faithtemplate/AndroidManifest.xml:39:13-53
	android:name
		ADDED from FHV5/faithtemplate/AndroidManifest.xml:38:13-60
activity#com.csform.android.uiapptemplate.LogInPageActivity
ADDED from FHV5/faithtemplate/AndroidManifest.xml:40:9-42:52
	android:screenOrientation
		ADDED from FHV5/faithtemplate/AndroidManifest.xml:42:13-49
	android:name
		ADDED from FHV5/faithtemplate/AndroidManifest.xml:41:13-46
activity#com.csform.android.uiapptemplate.RegisterPageActivity
ADDED from FHV5/faithtemplate/AndroidManifest.xml:43:9-45:52
	android:screenOrientation
		ADDED from FHV5/faithtemplate/AndroidManifest.xml:45:13-49
	android:name
		ADDED from FHV5/faithtemplate/AndroidManifest.xml:44:13-49
activity#com.csform.android.uiapptemplate.ListViewsActivity
ADDED from FHV5/faithtemplate/AndroidManifest.xml:47:9-55
	android:name
		ADDED from FHV5/faithtemplate/AndroidManifest.xml:47:19-52
activity#com.csform.android.uiapptemplate.LeftMenusActivity
ADDED from FHV5/faithtemplate/AndroidManifest.xml:48:9-50:59
	android:theme
		ADDED from FHV5/faithtemplate/AndroidManifest.xml:50:13-56
	android:name
		ADDED from FHV5/faithtemplate/AndroidManifest.xml:49:13-46
activity#com.csform.android.uiapptemplate.SearchBarsActivity
ADDED from FHV5/faithtemplate/AndroidManifest.xml:53:9-56
	android:name
		ADDED from FHV5/faithtemplate/AndroidManifest.xml:53:19-53
activity#com.csform.android.uiapptemplate.CategoriesListViewActivity
ADDED from FHV5/faithtemplate/AndroidManifest.xml:54:9-64
	android:name
		ADDED from FHV5/faithtemplate/AndroidManifest.xml:54:19-61
activity#com.csform.android.uiapptemplate.DragAndDropTravelAndSocialActivity
ADDED from FHV5/faithtemplate/AndroidManifest.xml:55:9-72
	android:name
		ADDED from FHV5/faithtemplate/AndroidManifest.xml:55:19-69
activity#com.csform.android.uiapptemplate.SwipToDissmissListViewActivity
ADDED from FHV5/faithtemplate/AndroidManifest.xml:56:9-68
	android:name
		ADDED from FHV5/faithtemplate/AndroidManifest.xml:56:19-65
activity#com.csform.android.uiapptemplate.GoogleCardsActivity
ADDED from FHV5/faithtemplate/AndroidManifest.xml:57:9-57
	android:name
		ADDED from FHV5/faithtemplate/AndroidManifest.xml:57:19-54
activity#com.csform.android.uiapptemplate.ExpandableListViewActivity
ADDED from FHV5/faithtemplate/AndroidManifest.xml:58:9-64
	android:name
		ADDED from FHV5/faithtemplate/AndroidManifest.xml:58:19-61
activity#com.csform.android.uiapptemplate.StickyListHeadersActivity
ADDED from FHV5/faithtemplate/AndroidManifest.xml:59:9-63
	android:name
		ADDED from FHV5/faithtemplate/AndroidManifest.xml:59:19-60